<?xml version="1.0" encoding="UTF-8"?>
<!-- Generated by org.testng.reporters.JUnitReportReporter -->
<testsuite hostname="DESKTOP-MG1QHKJ" name="TestSuites.MainTest" tests="1" failures="0" timestamp="6 Sep 2016 11:25:56 GMT" time="13.908" errors="0">
  <testcase name="RunSpree" time="13.908" classname="TestSuites.MainTest"/>
</testsuite> <!-- TestSuites.MainTest -->
